0 info it worked if it ends with ok
1 verbose cli [ '/usr/bin/nodejs', '/usr/bin/npm', 'install', '-g', 'jsxhint' ]
2 info using npm@2.15.9
3 info using node@v4.6.0
4 verbose install initial load of /usr/lib/package.json
5 verbose readDependencies loading dependencies from /usr/lib/package.json
6 silly cache add args [ 'jsxhint', null ]
7 verbose cache add spec jsxhint
8 silly cache add parsed spec Result {
8 silly cache add   raw: 'jsxhint',
8 silly cache add   scope: null,
8 silly cache add   name: 'jsxhint',
8 silly cache add   rawSpec: '',
8 silly cache add   spec: 'latest',
8 silly cache add   type: 'tag' }
9 silly addNamed jsxhint@latest
10 verbose addNamed "latest" is being treated as a dist-tag for jsxhint
11 info addNameTag [ 'jsxhint', 'latest' ]
12 silly mapToRegistry name jsxhint
13 silly mapToRegistry using default registry
14 silly mapToRegistry registry https://registry.npmjs.org/
15 silly mapToRegistry data Result {
15 silly mapToRegistry   raw: 'jsxhint',
15 silly mapToRegistry   scope: null,
15 silly mapToRegistry   name: 'jsxhint',
15 silly mapToRegistry   rawSpec: '',
15 silly mapToRegistry   spec: 'latest',
15 silly mapToRegistry   type: 'tag' }
16 silly mapToRegistry uri https://registry.npmjs.org/jsxhint
17 verbose addNameTag registry:https://registry.npmjs.org/jsxhint not in flight; fetching
18 verbose request uri https://registry.npmjs.org/jsxhint
19 verbose request no auth needed
20 info attempt registry request try #1 at 3:38:32 AM
21 verbose request id c8a71cb1fbde80b3
22 http request GET https://registry.npmjs.org/jsxhint
23 http 200 https://registry.npmjs.org/jsxhint
24 verbose headers { server: 'CouchDB/1.5.0 (Erlang OTP/R16B03)',
24 verbose headers   etag: '"7B4QJW35BV4HR3A5K3EFTN6QY"',
24 verbose headers   'content-type': 'application/json',
24 verbose headers   'content-encoding': 'gzip',
24 verbose headers   'cache-control': 'max-age=300',
24 verbose headers   'content-length': '8547',
24 verbose headers   'accept-ranges': 'bytes',
24 verbose headers   date: 'Sat, 15 Oct 2016 08:38:33 GMT',
24 verbose headers   via: '1.1 varnish',
24 verbose headers   age: '0',
24 verbose headers   connection: 'keep-alive',
24 verbose headers   'x-served-by': 'cache-dfw1824-DFW',
24 verbose headers   'x-cache': 'MISS',
24 verbose headers   'x-cache-hits': '0',
24 verbose headers   'x-timer': 'S1476520713.038138,VS0,VE288',
24 verbose headers   vary: 'Accept-Encoding' }
25 silly get cb [ 200,
25 silly get   { server: 'CouchDB/1.5.0 (Erlang OTP/R16B03)',
25 silly get     etag: '"7B4QJW35BV4HR3A5K3EFTN6QY"',
25 silly get     'content-type': 'application/json',
25 silly get     'content-encoding': 'gzip',
25 silly get     'cache-control': 'max-age=300',
25 silly get     'content-length': '8547',
25 silly get     'accept-ranges': 'bytes',
25 silly get     date: 'Sat, 15 Oct 2016 08:38:33 GMT',
25 silly get     via: '1.1 varnish',
25 silly get     age: '0',
25 silly get     connection: 'keep-alive',
25 silly get     'x-served-by': 'cache-dfw1824-DFW',
25 silly get     'x-cache': 'MISS',
25 silly get     'x-cache-hits': '0',
25 silly get     'x-timer': 'S1476520713.038138,VS0,VE288',
25 silly get     vary: 'Accept-Encoding' } ]
26 verbose get saving jsxhint to /home/nathan/.npm/registry.npmjs.org/jsxhint/.cache.json
27 verbose correctMkdir /home/nathan/.npm correctMkdir not in flight; initializing
28 silly addNameTag next cb for jsxhint with tag latest
29 silly addNamed jsxhint@0.15.1
30 verbose addNamed "0.15.1" is a plain semver version for jsxhint
31 silly mapToRegistry name jsxhint
32 silly mapToRegistry using default registry
33 silly mapToRegistry registry https://registry.npmjs.org/
34 silly mapToRegistry data Result {
34 silly mapToRegistry   raw: 'jsxhint',
34 silly mapToRegistry   scope: null,
34 silly mapToRegistry   name: 'jsxhint',
34 silly mapToRegistry   rawSpec: '',
34 silly mapToRegistry   spec: 'latest',
34 silly mapToRegistry   type: 'tag' }
35 silly mapToRegistry uri https://registry.npmjs.org/jsxhint
36 verbose addRemoteTarball https://registry.npmjs.org/jsxhint/-/jsxhint-0.15.1.tgz not in flight; adding
37 verbose addRemoteTarball [ 'https://registry.npmjs.org/jsxhint/-/jsxhint-0.15.1.tgz',
37 verbose addRemoteTarball   'fa005fb5a4db7cfdc055ef5043b2debb9fe35a54' ]
38 info retry fetch attempt 1 at 3:38:33 AM
39 info attempt registry request try #1 at 3:38:33 AM
40 http fetch GET https://registry.npmjs.org/jsxhint/-/jsxhint-0.15.1.tgz
41 http fetch 200 https://registry.npmjs.org/jsxhint/-/jsxhint-0.15.1.tgz
42 silly fetchAndShaCheck shasum fa005fb5a4db7cfdc055ef5043b2debb9fe35a54
43 verbose addTmpTarball /tmp/npm-18917-50229d05/registry.npmjs.org/jsxhint/-/jsxhint-0.15.1.tgz not in flight; adding
44 verbose addTmpTarball already have metadata; skipping unpack for jsxhint@0.15.1
45 verbose correctMkdir /home/nathan/.npm correctMkdir not in flight; initializing
46 silly cache afterAdd jsxhint@0.15.1
47 verbose afterAdd /home/nathan/.npm/jsxhint/0.15.1/package/package.json not in flight; writing
48 verbose correctMkdir /home/nathan/.npm correctMkdir not in flight; initializing
49 verbose afterAdd /home/nathan/.npm/jsxhint/0.15.1/package/package.json written
50 silly install resolved [ { name: 'jsxhint',
50 silly install resolved     version: '0.15.1',
50 silly install resolved     description: 'Wrapper for JSHint to allow hinting of JSX files',
50 silly install resolved     main: 'jsxhint.js',
50 silly install resolved     bin: { jsxhint: './cli.js' },
50 silly install resolved     engine: 'node >= 0.8',
50 silly install resolved     scripts:
50 silly install resolved      { test: 'node ./node_modules/tap/bin/tap test/test.js',
50 silly install resolved        lint: 'jshint' },
50 silly install resolved     repository: { type: 'git', url: 'https://github.com/STRML/JSXHint' },
50 silly install resolved     directories: { test: 'test' },
50 silly install resolved     prefer_global: true,
50 silly install resolved     keywords: [ 'jshint', 'jsx', 'react', 'lint', 'jslint', 'reactjs' ],
50 silly install resolved     author: { name: 'Samuel Reed' },
50 silly install resolved     contributors: [ [Object] ],
50 silly install resolved     license: 'MIT',
50 silly install resolved     dependencies:
50 silly install resolved      { bluebird: '^2.9.14',
50 silly install resolved        debug: '~2.1.0',
50 silly install resolved        'fs-extra': '^0.16.5',
50 silly install resolved        'glob-all': '^3.0.1',
50 silly install resolved        jshint: '^2.6.0',
50 silly install resolved        jstransform: '^11.0.1',
50 silly install resolved        through: '~2.3.6' },
50 silly install resolved     devDependencies: { babel: '^5.4.0', 'precommit-hook': '~1.0.7', tap: '~0.4.13' },
50 silly install resolved     publishConfig: { registry: 'https://registry.npmjs.org' },
50 silly install resolved     gitHead: '85ad803297347d2779b5c07980ea6d1e2136a953',
50 silly install resolved     bugs: { url: 'https://github.com/STRML/JSXHint/issues' },
50 silly install resolved     homepage: 'https://github.com/STRML/JSXHint',
50 silly install resolved     _id: 'jsxhint@0.15.1',
50 silly install resolved     _shasum: 'fa005fb5a4db7cfdc055ef5043b2debb9fe35a54',
50 silly install resolved     _from: 'jsxhint@latest',
50 silly install resolved     _npmVersion: '2.10.1',
50 silly install resolved     _nodeVersion: '0.12.4',
50 silly install resolved     _npmUser: { name: 'strml', email: 'samuel.trace.reed@gmail.com' },
50 silly install resolved     maintainers: [ [Object] ],
50 silly install resolved     dist:
50 silly install resolved      { shasum: 'fa005fb5a4db7cfdc055ef5043b2debb9fe35a54',
50 silly install resolved        tarball: 'https://registry.npmjs.org/jsxhint/-/jsxhint-0.15.1.tgz' },
50 silly install resolved     _resolved: 'https://registry.npmjs.org/jsxhint/-/jsxhint-0.15.1.tgz' } ]
51 info install jsxhint@0.15.1 into /usr/lib
52 info installOne jsxhint@0.15.1
53 verbose installOne of jsxhint to /usr/lib not in flight; installing
54 verbose correctMkdir /home/nathan/.npm/_locks correctMkdir not in flight; initializing
55 verbose lock using /home/nathan/.npm/_locks/jsxhint-4b4aba6298ceb73e.lock for /usr/lib/node_modules/jsxhint
56 silly install write writing jsxhint 0.15.1 to /usr/lib/node_modules/jsxhint
57 verbose unbuild lib/node_modules/jsxhint
58 silly gentlyRm /usr/lib/node_modules/jsxhint is being purged from base /usr
59 verbose gentlyRm don't care about contents; nuking /usr/lib/node_modules/jsxhint
60 verbose tar unpack /home/nathan/.npm/jsxhint/0.15.1/package.tgz
61 verbose tar unpacking to /usr/lib/node_modules/jsxhint
62 silly gentlyRm /usr/lib/node_modules/jsxhint is being purged
63 verbose gentlyRm don't care about contents; nuking /usr/lib/node_modules/jsxhint
64 silly gunzTarPerm modes [ '775', '664' ]
65 error tar.unpack untar error /home/nathan/.npm/jsxhint/0.15.1/package.tgz
66 verbose unlock done using /home/nathan/.npm/_locks/jsxhint-4b4aba6298ceb73e.lock for /usr/lib/node_modules/jsxhint
67 verbose fstream_path /usr/lib/node_modules/jsxhint
68 verbose fstream_type Directory
69 verbose fstream_class DirWriter
70 verbose stack Error: EACCES: permission denied, mkdir '/usr/lib/node_modules/jsxhint'
70 verbose stack     at Error (native)
71 verbose fstream_stack /usr/lib/node_modules/npm/node_modules/fstream/lib/dir-writer.js:35:25
71 verbose fstream_stack /usr/lib/node_modules/npm/node_modules/mkdirp/index.js:47:53
71 verbose fstream_stack FSReqWrap.oncomplete (fs.js:82:15)
72 verbose cwd /home/nathan/buymyjunk
73 error Linux 4.4.0-42-generic
74 error argv "/usr/bin/nodejs" "/usr/bin/npm" "install" "-g" "jsxhint"
75 error node v4.6.0
76 error npm  v2.15.9
77 error path /usr/lib/node_modules/jsxhint
78 error code EACCES
79 error errno -13
80 error syscall mkdir
81 error Error: EACCES: permission denied, mkdir '/usr/lib/node_modules/jsxhint'
81 error     at Error (native)
81 error  { [Error: EACCES: permission denied, mkdir '/usr/lib/node_modules/jsxhint']
81 error   errno: -13,
81 error   code: 'EACCES',
81 error   syscall: 'mkdir',
81 error   path: '/usr/lib/node_modules/jsxhint',
81 error   fstream_type: 'Directory',
81 error   fstream_path: '/usr/lib/node_modules/jsxhint',
81 error   fstream_class: 'DirWriter',
81 error   fstream_stack:
81 error    [ '/usr/lib/node_modules/npm/node_modules/fstream/lib/dir-writer.js:35:25',
81 error      '/usr/lib/node_modules/npm/node_modules/mkdirp/index.js:47:53',
81 error      'FSReqWrap.oncomplete (fs.js:82:15)' ] }
82 error Please try running this command again as root/Administrator.
83 verbose exit [ -13, true ]
84 verbose unbuild lib/node_modules/jsxhint
85 silly gentlyRm /usr/lib/node_modules/jsxhint is being purged from base /usr
86 verbose gentlyRm don't care about contents; nuking /usr/lib/node_modules/jsxhint
