0 info it worked if it ends with ok
1 verbose cli [ '/usr/bin/nodejs',
1 verbose cli   '/usr/bin/npm',
1 verbose cli   'run-script',
1 verbose cli   'client-compile' ]
2 info using npm@2.15.9
3 info using node@v4.6.0
4 verbose run-script [ 'preclient-compile', 'client-compile', 'postclient-compile' ]
5 info preclient-compile test@1.0.0
6 info client-compile test@1.0.0
7 verbose unsafe-perm in lifecycle true
8 info test@1.0.0 Failed to exec client-compile script
9 verbose stack Error: test@1.0.0 client-compile: `webpack --watch --progress --colors`
9 verbose stack spawn ENOENT
9 verbose stack     at ChildProcess.<anonymous> (/usr/lib/node_modules/npm/lib/utils/spawn.js:17:16)
9 verbose stack     at emitTwo (events.js:87:13)
9 verbose stack     at ChildProcess.emit (events.js:172:7)
9 verbose stack     at maybeClose (internal/child_process.js:829:16)
9 verbose stack     at Process.ChildProcess._handle.onexit (internal/child_process.js:211:5)
10 verbose pkgid test@1.0.0
11 verbose cwd /home/daniel/Projects/buymyjunk/utils
12 error Linux 4.4.0-41-generic
13 error argv "/usr/bin/nodejs" "/usr/bin/npm" "run-script" "client-compile"
14 error node v4.6.0
15 error npm  v2.15.9
16 error file sh
17 error code ELIFECYCLE
18 error errno ENOENT
19 error syscall spawn
20 error test@1.0.0 client-compile: `webpack --watch --progress --colors`
20 error spawn ENOENT
21 error Failed at the test@1.0.0 client-compile script 'webpack --watch --progress --colors'.
21 error This is most likely a problem with the test package,
21 error not with npm itself.
21 error Tell the author that this fails on your system:
21 error     webpack --watch --progress --colors
21 error You can get information on how to open an issue for this project with:
21 error     npm bugs test
21 error Or if that isn't available, you can get their info via:
21 error
21 error     npm owner ls test
21 error There is likely additional logging output above.
22 verbose exit [ 1, true ]
